02.06.2017 16:21:44: ИНФОРМАЦИЯ - Включен режим быстрого обновления
02.06.2017 16:21:44: ИНФОРМАЦИЯ - формирую список последних файлов в D:\Марочкин\GIT\devops\ERP\master_lastfiles.txt
02.06.2017 16:21:44: ИНФОРМАЦИЯ - переход на ветку  master в репозитории D:\Марочкин\GIT\ERP
02.06.2017 16:21:48: ИНФОРМАЦИЯ - получение списка из D:\Марочкин\GIT\ERP
02.06.2017 16:21:48: ИНФОРМАЦИЯ - D:\Марочкин\GIT\ERP\Config\Reports\РегламентированныйОтчетСтатистикаФормаП1\Templates\НастройкиЗагрузкиXML2016Кв1.xml -> D:\Марочкин\GIT\ERP\Config\Reports\РегламентированныйОтчетСтатистикаФормаП1.xml
02.06.2017 16:21:48: ИНФОРМАЦИЯ - D:\Марочкин\GIT\ERP\Config\Reports\РегламентированныйОтчетСтатистикаФормаП1\Templates\НастройкиЗагрузкиXML2016Кв1.xml -> D:\Марочкин\GIT\ERP\Config\Reports\РегламентированныйОтчетСтатистикаФормаП1.xml
02.06.2017 16:21:48: ИНФОРМАЦИЯ - D:\Марочкин\GIT\ERP\Config\Reports\РегламентированныйОтчетСтатистикаФормаП1\Templates\НастройкиЗагрузкиXML2017Кв1.xml -> D:\Марочкин\GIT\ERP\Config\Reports\РегламентированныйОтчетСтатистикаФормаП1.xml
02.06.2017 16:21:48: ИНФОРМАЦИЯ - D:\Марочкин\GIT\ERP\Config\Reports\РегламентированныйОтчетСтатистикаФормаП1\Templates\НастройкиЗагрузкиXML2017Кв1.xml -> D:\Марочкин\GIT\ERP\Config\Reports\РегламентированныйОтчетСтатистикаФормаП1.xml
02.06.2017 16:21:48: ИНФОРМАЦИЯ - Начало частичной загрузки конфигурации из файлов.
02.06.2017 16:21:48: ИНФОРМАЦИЯ - Запуск: "C:\Program Files\1cv8\8.3.10.2252\bin\1cv8.exe" DESIGNER /UC 456654 /IBName "ERP" /N "Марочкин Алексей" /P "******" /LoadConfigFromFiles D:\Марочкин\GIT\ERP\Config -ListFile D:\Марочкин\GIT\devops\ERP\master_lastfiles.txt /UpdateDBCfg /out D:\Марочкин\GIT\devops\Logs\ERP\loadchanges_ERP.log
02.06.2017 16:21:56: ИНФОРМАЦИЯ - обновление базы ERP завершено
02.06.2017 16:21:56: ОШИБКА - загрузка изменений в базу "ERP" не удалась, см. D:\Марочкин\GIT\devops\Logs\ERP\LoadChanges_ERP.log
02.06.2017 16:23:15: ИНФОРМАЦИЯ - Включен режим быстрого обновления
02.06.2017 16:23:15: ИНФОРМАЦИЯ - формирую список последних файлов в D:\Марочкин\GIT\devops\ERP\master_lastfiles.txt
02.06.2017 16:23:15: ИНФОРМАЦИЯ - переход на ветку  master в репозитории D:\Марочкин\GIT\ERP
02.06.2017 16:23:18: ИНФОРМАЦИЯ - получение списка из D:\Марочкин\GIT\ERP
02.06.2017 16:23:18: ИНФОРМАЦИЯ - D:\Марочкин\GIT\ERP\Config\Reports\РегламентированныйОтчетСтатистикаФормаП1\Templates\НастройкиЗагрузкиXML2016Кв1.xml -> D:\Марочкин\GIT\ERP\Config\Reports\РегламентированныйОтчетСтатистикаФормаП1.xml
02.06.2017 16:23:18: ИНФОРМАЦИЯ - D:\Марочкин\GIT\ERP\Config\Reports\РегламентированныйОтчетСтатистикаФормаП1\Templates\НастройкиЗагрузкиXML2016Кв1.xml -> D:\Марочкин\GIT\ERP\Config\Reports\РегламентированныйОтчетСтатистикаФормаП1.xml
02.06.2017 16:23:18: ИНФОРМАЦИЯ - D:\Марочкин\GIT\ERP\Config\Reports\РегламентированныйОтчетСтатистикаФормаП1\Templates\НастройкиЗагрузкиXML2017Кв1.xml -> D:\Марочкин\GIT\ERP\Config\Reports\РегламентированныйОтчетСтатистикаФормаП1.xml
02.06.2017 16:23:18: ИНФОРМАЦИЯ - D:\Марочкин\GIT\ERP\Config\Reports\РегламентированныйОтчетСтатистикаФормаП1\Templates\НастройкиЗагрузкиXML2017Кв1.xml -> D:\Марочкин\GIT\ERP\Config\Reports\РегламентированныйОтчетСтатистикаФормаП1.xml
02.06.2017 16:23:18: ИНФОРМАЦИЯ - Начало частичной загрузки конфигурации из файлов.
02.06.2017 16:23:18: ИНФОРМАЦИЯ - Запуск: "C:\Program Files\1cv8\8.3.9.2170\bin\1cv8.exe" DESIGNER /UC 456654 /IBName "ERP" /N "Марочкин Алексей" /P "******" /LoadConfigFromFiles D:\Марочкин\GIT\ERP\Config -ListFile D:\Марочкин\GIT\devops\ERP\master_lastfiles.txt /UpdateDBCfg /out D:\Марочкин\GIT\devops\Logs\ERP\loadchanges_ERP.log
02.06.2017 16:25:04: ИНФОРМАЦИЯ - обновление базы ERP завершено
02.06.2017 16:25:04: ОШИБКА - загрузка изменений в базу "ERP" не удалась, см. D:\Марочкин\GIT\devops\Logs\ERP\LoadChanges_ERP.log
