26.05.2017 22:06:08: ИНФОРМАЦИЯ - формирую список последних файлов в D:\Марочкин\GIT\devops\ERP_Production_Copy\master_lastfiles.txt
26.05.2017 22:06:08: ИНФОРМАЦИЯ - переход на ветку  master в репозитории D:\Марочкин\GIT\ERP
26.05.2017 22:06:11: ИНФОРМАЦИЯ - использую существующий список файлов D:\Марочкин\GIT\devops\ERP_Production_Copy\master_lastfiles.txt
26.05.2017 22:06:11: ИНФОРМАЦИЯ - Начало загрузки конфигурации из файлов.
26.05.2017 22:06:11: ИНФОРМАЦИЯ - Запуск: "C:\Program Files\1cv8\8.3.10.2252\bin\1cv8.exe" DESIGNER /UC 456654 /IBName "ERP_Production_Copy" /N "Марочкин Алексей" /P "******" /LoadConfigFromFiles D:\Марочкин\GIT\ERP\Config -ListFile D:\Марочкин\GIT\devops\ERP_Production_Copy\master_lastfiles.txt /UpdateDBCfg /out D:\Марочкин\GIT\devops\Logs\ERP_Production_Copy\loadchanges_ERP_Production_Copy.log
26.05.2017 22:06:58: ИНФОРМАЦИЯ - обновление базы ERP_Production_Copy завершено
26.05.2017 22:06:58: ИНФОРМАЦИЯ - загрузка изменений в базу "ERP_Production_Copy" не удалась, см. D:\Марочкин\GIT\devops\Logs\ERP_Production_Copy\LoadChanges_ERP_Production_Copy.log
27.05.2017 0:59:22: ИНФОРМАЦИЯ - формирую список последних файлов в D:\Марочкин\GIT\devops\ERP_Production_Copy\master_lastfiles.txt
27.05.2017 0:59:22: ИНФОРМАЦИЯ - переход на ветку  master в репозитории D:\Марочкин\GIT\ERP
27.05.2017 0:59:25: ИНФОРМАЦИЯ - использую существующий список файлов D:\Марочкин\GIT\devops\ERP_Production_Copy\master_lastfiles.txt
27.05.2017 0:59:25: ИНФОРМАЦИЯ - Начало загрузки конфигурации из файлов.
27.05.2017 0:59:25: ИНФОРМАЦИЯ - Запуск: "C:\Program Files\1cv8\8.3.10.2252\bin\1cv8.exe" DESIGNER /UC 456654 /IBName "ERP_Production_Copy" /N "Марочкин Алексей" /P "******" /LoadConfigFromFiles D:\Марочкин\GIT\ERP\Config -ListFile D:\Марочкин\GIT\devops\ERP_Production_Copy\master_lastfiles.txt /UpdateDBCfg /out D:\Марочкин\GIT\devops\Logs\ERP_Production_Copy\loadchanges_ERP_Production_Copy.log
27.05.2017 1:00:12: ИНФОРМАЦИЯ - обновление базы ERP_Production_Copy завершено
27.05.2017 1:00:12: ИНФОРМАЦИЯ - загрузка изменений в базу "ERP_Production_Copy" не удалась, см. D:\Марочкин\GIT\devops\Logs\ERP_Production_Copy\LoadChanges_ERP_Production_Copy.log
27.05.2017 1:02:24: ИНФОРМАЦИЯ - формирую список последних файлов в D:\Марочкин\GIT\devops\ERP_Production_Copy\master_lastfiles.txt
27.05.2017 1:02:24: ИНФОРМАЦИЯ - переход на ветку  master в репозитории D:\Марочкин\GIT\ERP
27.05.2017 1:02:28: ИНФОРМАЦИЯ - получение списка из D:\Марочкин\GIT\ERP
27.05.2017 1:02:28: ИНФОРМАЦИЯ - Начало загрузки конфигурации из файлов.
27.05.2017 1:02:28: ИНФОРМАЦИЯ - Запуск: "C:\Program Files\1cv8\8.3.10.2252\bin\1cv8.exe" DESIGNER /UC 456654 /IBName "ERP_Production_Copy" /N "Марочкин Алексей" /P "******" /LoadConfigFromFiles D:\Марочкин\GIT\ERP\Config  /UpdateDBCfg /out D:\Марочкин\GIT\devops\Logs\ERP_Production_Copy\loadchanges_ERP_Production_Copy.log
27.05.2017 1:58:15: ИНФОРМАЦИЯ - обновление базы ERP_Production_Copy завершено
27.05.2017 1:58:15: ИНФОРМАЦИЯ - Проведение синтаксического контроля модулей
27.05.2017 2:18:25: ИНФОРМАЦИЯ - Синтаксический контроль в базе ERP_Production_Copy завершен
27.05.2017 2:18:25: ИНФОРМАЦИЯ - Начало подготовки файла поставки
27.05.2017 2:22:22: ИНФОРМАЦИЯ - подготовка поставки из базы ERP_Production_Copy завершена
28.05.2017 12:40:01: ИНФОРМАЦИЯ - формирую список последних файлов в D:\Марочкин\GIT\devops\ERP_Production_Copy\master_lastfiles.txt
28.05.2017 12:40:01: ИНФОРМАЦИЯ - переход на ветку  master в репозитории D:\Марочкин\GIT\ERP
28.05.2017 12:40:05: ИНФОРМАЦИЯ - получение списка из D:\Марочкин\GIT\ERP
28.05.2017 12:40:09: ИНФОРМАЦИЯ - Изменений в репозитории "D:\Марочкин\GIT\ERP" нет.
28.05.2017 12:43:42: ИНФОРМАЦИЯ - формирую список последних файлов в D:\Марочкин\GIT\devops\ERP_Production_Copy\master_lastfiles.txt
28.05.2017 12:43:42: ИНФОРМАЦИЯ - переход на ветку  master в репозитории D:\Марочкин\GIT\ERP
28.05.2017 12:43:45: ИНФОРМАЦИЯ - получение списка из D:\Марочкин\GIT\ERP
28.05.2017 12:43:49: ИНФОРМАЦИЯ - Начало полной загрузки конфигурации из файлов.
28.05.2017 12:43:49: ИНФОРМАЦИЯ - Запуск: "C:\Program Files\1cv8\8.3.10.2252\bin\1cv8.exe" DESIGNER /UC 456654 /IBName "ERP_Production_Copy" /N "Марочкин Алексей" /P "******" /LoadConfigFromFiles D:\Марочкин\GIT\ERP\Config  /UpdateDBCfg /out D:\Марочкин\GIT\devops\Logs\ERP_Production_Copy\loadchanges_ERP_Production_Copy.log
28.05.2017 13:27:56: ИНФОРМАЦИЯ - обновление базы ERP_Production_Copy завершено
28.05.2017 13:27:56: ИНФОРМАЦИЯ - Проведение синтаксического контроля модулей
28.05.2017 13:48:39: ИНФОРМАЦИЯ - Синтаксический контроль в базе ERP_Production_Copy завершен успешно!
28.05.2017 13:48:39: ИНФОРМАЦИЯ - Начало подготовки файла выгрузки конфигурации
28.05.2017 13:52:16: ИНФОРМАЦИЯ - выгрузка конфигурации из базы ERP_Production_Copy завершена
28.05.2017 18:58:49: ИНФОРМАЦИЯ - формирую список последних файлов в D:\Марочкин\GIT\devops\ERP_Production_Copy\master_lastfiles.txt
28.05.2017 18:58:49: ИНФОРМАЦИЯ - переход на ветку  master в репозитории D:\Марочкин\GIT\ERP
28.05.2017 18:58:53: ИНФОРМАЦИЯ - получение списка из D:\Марочкин\GIT\ERP
28.05.2017 18:58:53: ИНФОРМАЦИЯ - Изменений в репозитории "D:\Марочкин\GIT\ERP" нет.
28.05.2017 18:59:36: ИНФОРМАЦИЯ - формирую список последних файлов в D:\Марочкин\GIT\devops\ERP_Production_Copy\master_lastfiles.txt
28.05.2017 18:59:36: ИНФОРМАЦИЯ - переход на ветку  master в репозитории D:\Марочкин\GIT\ERP
28.05.2017 18:59:39: ИНФОРМАЦИЯ - получение списка из D:\Марочкин\GIT\ERP
28.05.2017 18:59:39: ИНФОРМАЦИЯ - Начало полной загрузки конфигурации из файлов.
28.05.2017 18:59:39: ИНФОРМАЦИЯ - Запуск: "C:\Program Files\1cv8\8.3.10.2252\bin\1cv8.exe" DESIGNER /UC 456654 /IBName "ERP_Production_Copy" /N "Марочкин Алексей" /P "******" /LoadConfigFromFiles D:\Марочкин\GIT\ERP\Config  /UpdateDBCfg /out D:\Марочкин\GIT\devops\Logs\ERP_Production_Copy\loadchanges_ERP_Production_Copy.log
28.05.2017 19:44:16: ИНФОРМАЦИЯ - обновление базы ERP_Production_Copy завершено
28.05.2017 19:44:16: ИНФОРМАЦИЯ - Проведение синтаксического контроля модулей
28.05.2017 20:05:00: ИНФОРМАЦИЯ - Синтаксический контроль в базе ERP_Production_Copy завершен успешно!
28.05.2017 20:05:00: ИНФОРМАЦИЯ - Начало подготовки файла выгрузки конфигурации
28.05.2017 20:08:41: ИНФОРМАЦИЯ - выгрузка конфигурации из базы ERP_Production_Copy завершена
29.05.2017 23:33:54: ИНФОРМАЦИЯ - формирую список последних файлов в D:\Марочкин\GIT\devops\ERP_Production_Copy\master_lastfiles.txt
29.05.2017 23:33:54: ИНФОРМАЦИЯ - переход на ветку  master в репозитории D:\Марочкин\GIT\ERP
29.05.2017 23:33:57: ИНФОРМАЦИЯ - получение списка из D:\Марочкин\GIT\ERP
29.05.2017 23:33:58: ИНФОРМАЦИЯ - Начало частичной загрузки конфигурации из файлов.
29.05.2017 23:33:58: ИНФОРМАЦИЯ - Запуск: "C:\Program Files\1cv8\8.3.10.2252\bin\1cv8.exe" DESIGNER /UC 456654 /IBName "ERP_Production_Copy" /N "Марочкин Алексей" /P "******" /LoadConfigFromFiles D:\Марочкин\GIT\ERP\Config -ListFile D:\Марочкин\GIT\devops\ERP_Production_Copy\master_lastfiles.txt /UpdateDBCfg /out D:\Марочкин\GIT\devops\Logs\ERP_Production_Copy\loadchanges_ERP_Production_Copy.log
29.05.2017 23:34:09: ИНФОРМАЦИЯ - обновление базы ERP_Production_Copy завершено
29.05.2017 23:34:09: ОШИБКА - загрузка изменений в базу "ERP_Production_Copy" не удалась, см. D:\Марочкин\GIT\devops\Logs\ERP_Production_Copy\LoadChanges_ERP_Production_Copy.log
29.05.2017 23:52:39: ИНФОРМАЦИЯ - формирую список последних файлов в D:\Марочкин\GIT\devops\ERP_Production_Copy\master_lastfiles.txt
29.05.2017 23:52:39: ИНФОРМАЦИЯ - переход на ветку  master в репозитории D:\Марочкин\GIT\ERP
29.05.2017 23:52:42: ИНФОРМАЦИЯ - получение списка из D:\Марочкин\GIT\ERP
29.05.2017 23:52:42: ИНФОРМАЦИЯ - Начало частичной загрузки конфигурации из файлов.
29.05.2017 23:52:42: ИНФОРМАЦИЯ - Запуск: "C:\Program Files\1cv8\8.3.10.2252\bin\1cv8.exe" DESIGNER /UC 456654 /IBName "ERP_Production_Copy" /N "Марочкин Алексей" /P "******" /LoadConfigFromFiles D:\Марочкин\GIT\ERP\Config -ListFile D:\Марочкин\GIT\devops\ERP_Production_Copy\master_lastfiles.txt /UpdateDBCfg /out D:\Марочкин\GIT\devops\Logs\ERP_Production_Copy\loadchanges_ERP_Production_Copy.log
29.05.2017 23:52:50: ИНФОРМАЦИЯ - обновление базы ERP_Production_Copy завершено
29.05.2017 23:52:50: ОШИБКА - загрузка изменений в базу "ERP_Production_Copy" не удалась, см. D:\Марочкин\GIT\devops\Logs\ERP_Production_Copy\LoadChanges_ERP_Production_Copy.log
29.05.2017 23:57:25: ИНФОРМАЦИЯ - формирую список последних файлов в D:\Марочкин\GIT\devops\ERP_Production_Copy\master_lastfiles.txt
29.05.2017 23:57:25: ИНФОРМАЦИЯ - переход на ветку  master в репозитории D:\Марочкин\GIT\ERP
29.05.2017 23:57:28: ИНФОРМАЦИЯ - получение списка из D:\Марочкин\GIT\ERP
29.05.2017 23:57:28: ИНФОРМАЦИЯ - Начало частичной загрузки конфигурации из файлов.
29.05.2017 23:57:28: ИНФОРМАЦИЯ - Запуск: "C:\Program Files\1cv8\8.3.10.2252\bin\1cv8.exe" DESIGNER /UC 456654 /IBName "ERP_Production_Copy" /N "Марочкин Алексей" /P "******" /LoadConfigFromFiles D:\Марочкин\GIT\ERP\Config -ListFile D:\Марочкин\GIT\devops\ERP_Production_Copy\master_lastfiles.txt /UpdateDBCfg /out D:\Марочкин\GIT\devops\Logs\ERP_Production_Copy\loadchanges_ERP_Production_Copy.log
30.05.2017 0:09:13: ИНФОРМАЦИЯ - обновление базы ERP_Production_Copy завершено
30.05.2017 0:09:13: ИНФОРМАЦИЯ - Проведение синтаксического контроля модулей
30.05.2017 0:28:10: ИНФОРМАЦИЯ - Синтаксический контроль в базе ERP_Production_Copy завершен успешно!
30.05.2017 0:28:10: ИНФОРМАЦИЯ - Начало подготовки файла выгрузки конфигурации
30.05.2017 0:31:50: ИНФОРМАЦИЯ - выгрузка конфигурации из базы ERP_Production_Copy завершена
30.05.2017 0:31:50: ИНФОРМАЦИЯ - Создан семафор необходимости обновления рабочей базы.
31.05.2017 22:40:42: ИНФОРМАЦИЯ - формирую список последних файлов в D:\Марочкин\GIT\devops\ERP_Production_Copy\master_lastfiles.txt
31.05.2017 22:40:42: ИНФОРМАЦИЯ - переход на ветку  master в репозитории D:\Марочкин\GIT\ERP
31.05.2017 22:40:45: ИНФОРМАЦИЯ - получение списка из D:\Марочкин\GIT\ERP
31.05.2017 22:40:46: ИНФОРМАЦИЯ - Начало полной загрузки конфигурации из файлов.
31.05.2017 22:40:46: ИНФОРМАЦИЯ - Запуск: "C:\Program Files\1cv8\8.3.10.2252\bin\1cv8.exe" DESIGNER /UC 456654 /IBName "ERP_Production_Copy" /N "Марочкин Алексей" /P "******" /LoadConfigFromFiles D:\Марочкин\GIT\ERP\Config  /UpdateDBCfg /out D:\Марочкин\GIT\devops\Logs\ERP_Production_Copy\loadchanges_ERP_Production_Copy.log
31.05.2017 22:40:56: ИНФОРМАЦИЯ - обновление базы ERP_Production_Copy завершено
31.05.2017 22:40:56: ОШИБКА - загрузка изменений в базу "ERP_Production_Copy" не удалась, см. D:\Марочкин\GIT\devops\Logs\ERP_Production_Copy\LoadChanges_ERP_Production_Copy.log
31.05.2017 22:42:01: ИНФОРМАЦИЯ - формирую список последних файлов в D:\Марочкин\GIT\devops\ERP_Production_Copy\master_lastfiles.txt
31.05.2017 22:42:01: ИНФОРМАЦИЯ - переход на ветку  master в репозитории D:\Марочкин\GIT\ERP
31.05.2017 22:42:04: ИНФОРМАЦИЯ - получение списка из D:\Марочкин\GIT\ERP
31.05.2017 22:42:04: ИНФОРМАЦИЯ - Начало полной загрузки конфигурации из файлов.
31.05.2017 22:42:04: ИНФОРМАЦИЯ - Запуск: "C:\Program Files\1cv8\8.3.10.2252\bin\1cv8.exe" DESIGNER /UC 456654 /IBName "ERP_Production_Copy" /N "Марочкин Алексей" /P "******" /LoadConfigFromFiles D:\Марочкин\GIT\ERP\Config  /UpdateDBCfg /out D:\Марочкин\GIT\devops\Logs\ERP_Production_Copy\loadchanges_ERP_Production_Copy.log
31.05.2017 23:45:24: ИНФОРМАЦИЯ - обновление базы ERP_Production_Copy завершено
31.05.2017 23:45:24: ИНФОРМАЦИЯ - Проведение синтаксического контроля модулей
01.06.2017 0:05:48: ИНФОРМАЦИЯ - Синтаксический контроль в базе ERP_Production_Copy завершен успешно!
01.06.2017 0:05:48: ИНФОРМАЦИЯ - Начало подготовки файла выгрузки конфигурации
01.06.2017 0:08:58: ИНФОРМАЦИЯ - выгрузка конфигурации из базы ERP_Production_Copy завершена
01.06.2017 0:08:58: ИНФОРМАЦИЯ - Создан семафор необходимости обновления рабочей базы.
01.06.2017 18:19:38: ИНФОРМАЦИЯ - формирую список последних файлов в D:\Марочкин\GIT\devops\ERP_Production_Copy\master_lastfiles.txt
01.06.2017 18:19:38: ИНФОРМАЦИЯ - переход на ветку  master в репозитории D:\Марочкин\GIT\ERP
01.06.2017 18:19:41: ИНФОРМАЦИЯ - получение списка из D:\Марочкин\GIT\ERP
01.06.2017 18:19:41: ИНФОРМАЦИЯ - Начало частичной загрузки конфигурации из файлов.
01.06.2017 18:19:41: ИНФОРМАЦИЯ - Запуск: "C:\Program Files\1cv8\8.3.10.2252\bin\1cv8.exe" DESIGNER /UC 456654 /IBName "ERP_Production_Copy" /N "Марочкин Алексей" /P "******" /LoadConfigFromFiles D:\Марочкин\GIT\ERP\Config -ListFile D:\Марочкин\GIT\devops\ERP_Production_Copy\master_lastfiles.txt /UpdateDBCfg /out D:\Марочкин\GIT\devops\Logs\ERP_Production_Copy\loadchanges_ERP_Production_Copy.log
01.06.2017 18:31:22: ИНФОРМАЦИЯ - обновление базы ERP_Production_Copy завершено
01.06.2017 18:31:22: ИНФОРМАЦИЯ - Проведение синтаксического контроля модулей
01.06.2017 18:45:59: ИНФОРМАЦИЯ - Синтаксический контроль в базе ERP_Production_Copy завершен успешно!
01.06.2017 18:45:59: ИНФОРМАЦИЯ - Начало подготовки файла выгрузки конфигурации
01.06.2017 18:49:31: ИНФОРМАЦИЯ - выгрузка конфигурации из базы ERP_Production_Copy завершена
01.06.2017 18:49:31: ИНФОРМАЦИЯ - Создан семафор необходимости обновления рабочей базы.
02.06.2017 16:26:30: ИНФОРМАЦИЯ - формирую список последних файлов в D:\Марочкин\GIT\devops\ERP_Production_copy\master_lastfiles.txt
02.06.2017 16:26:30: ИНФОРМАЦИЯ - переход на ветку  master в репозитории D:\Марочкин\GIT\ERP
02.06.2017 16:26:33: ИНФОРМАЦИЯ - получение списка из D:\Марочкин\GIT\ERP
02.06.2017 16:26:34: ИНФОРМАЦИЯ - D:\Марочкин\GIT\ERP\Config\Reports\РегламентированныйОтчетСтатистикаФормаП1\Templates\НастройкиЗагрузкиXML2016Кв1.xml -> D:\Марочкин\GIT\ERP\Config\Reports\РегламентированныйОтчетСтатистикаФормаП1.xml
02.06.2017 16:26:34: ИНФОРМАЦИЯ - D:\Марочкин\GIT\ERP\Config\Reports\РегламентированныйОтчетСтатистикаФормаП1\Templates\НастройкиЗагрузкиXML2016Кв1.xml -> D:\Марочкин\GIT\ERP\Config\Reports\РегламентированныйОтчетСтатистикаФормаП1.xml
02.06.2017 16:26:34: ИНФОРМАЦИЯ - D:\Марочкин\GIT\ERP\Config\Reports\РегламентированныйОтчетСтатистикаФормаП1\Templates\НастройкиЗагрузкиXML2017Кв1.xml -> D:\Марочкин\GIT\ERP\Config\Reports\РегламентированныйОтчетСтатистикаФормаП1.xml
02.06.2017 16:26:34: ИНФОРМАЦИЯ - D:\Марочкин\GIT\ERP\Config\Reports\РегламентированныйОтчетСтатистикаФормаП1\Templates\НастройкиЗагрузкиXML2017Кв1.xml -> D:\Марочкин\GIT\ERP\Config\Reports\РегламентированныйОтчетСтатистикаФормаП1.xml
02.06.2017 16:26:34: ИНФОРМАЦИЯ - Начало частичной загрузки конфигурации из файлов.
02.06.2017 16:26:34: ИНФОРМАЦИЯ - Запуск: "C:\Program Files\1cv8\8.3.9.2170\bin\1cv8.exe" DESIGNER /UC 456654 /IBName "ERP_Production_copy" /N "Марочкин Алексей" /P "******" /LoadConfigFromFiles D:\Марочкин\GIT\ERP\Config -ListFile D:\Марочкин\GIT\devops\ERP_Production_copy\master_lastfiles.txt /UpdateDBCfg /out D:\Марочкин\GIT\devops\Logs\ERP_Production_copy\loadchanges_ERP_Production_copy.log
02.06.2017 16:26:35: ИНФОРМАЦИЯ - обновление базы ERP_Production_copy завершено
02.06.2017 16:26:35: ОШИБКА - загрузка изменений в базу "ERP_Production_copy" не удалась, см. D:\Марочкин\GIT\devops\Logs\ERP_Production_copy\LoadChanges_ERP_Production_copy.log
02.06.2017 16:34:26: ИНФОРМАЦИЯ - формирую список последних файлов в D:\Марочкин\GIT\devops\ERP_Production_copy\master_lastfiles.txt
02.06.2017 16:34:26: ИНФОРМАЦИЯ - переход на ветку  master в репозитории D:\Марочкин\GIT\ERP
02.06.2017 16:34:30: ИНФОРМАЦИЯ - получение списка из D:\Марочкин\GIT\ERP
02.06.2017 16:34:30: ИНФОРМАЦИЯ - D:\Марочкин\GIT\ERP\Config\Reports\РегламентированныйОтчетСтатистикаФормаП1\Templates\НастройкиЗагрузкиXML2016Кв1.xml -> D:\Марочкин\GIT\ERP\Config\Reports\РегламентированныйОтчетСтатистикаФормаП1.xml
02.06.2017 16:34:30: ИНФОРМАЦИЯ - D:\Марочкин\GIT\ERP\Config\Reports\РегламентированныйОтчетСтатистикаФормаП1\Templates\НастройкиЗагрузкиXML2016Кв1.xml -> D:\Марочкин\GIT\ERP\Config\Reports\РегламентированныйОтчетСтатистикаФормаП1.xml
02.06.2017 16:34:30: ИНФОРМАЦИЯ - D:\Марочкин\GIT\ERP\Config\Reports\РегламентированныйОтчетСтатистикаФормаП1\Templates\НастройкиЗагрузкиXML2017Кв1.xml -> D:\Марочкин\GIT\ERP\Config\Reports\РегламентированныйОтчетСтатистикаФормаП1.xml
02.06.2017 16:34:30: ИНФОРМАЦИЯ - D:\Марочкин\GIT\ERP\Config\Reports\РегламентированныйОтчетСтатистикаФормаП1\Templates\НастройкиЗагрузкиXML2017Кв1.xml -> D:\Марочкин\GIT\ERP\Config\Reports\РегламентированныйОтчетСтатистикаФормаП1.xml
02.06.2017 16:34:30: ИНФОРМАЦИЯ - Начало частичной загрузки конфигурации из файлов.
02.06.2017 16:34:30: ИНФОРМАЦИЯ - Запуск: "C:\Program Files\1cv8\8.3.9.2170\bin\1cv8.exe" DESIGNER /UC 456654 /IBName "ERP_Production_copy" /N "Марочкин Алексей" /P "******" /LoadConfigFromFiles D:\Марочкин\GIT\ERP\Config -ListFile D:\Марочкин\GIT\devops\ERP_Production_copy\master_lastfiles.txt /UpdateDBCfg /out D:\Марочкин\GIT\devops\Logs\ERP_Production_copy\loadchanges_ERP_Production_copy.log
02.06.2017 16:34:31: ИНФОРМАЦИЯ - обновление базы ERP_Production_copy завершено
02.06.2017 16:34:31: ОШИБКА - загрузка изменений в базу "ERP_Production_copy" не удалась, см. D:\Марочкин\GIT\devops\Logs\ERP_Production_copy\LoadChanges_ERP_Production_copy.log
02.06.2017 16:34:57: ИНФОРМАЦИЯ - формирую список последних файлов в D:\Марочкин\GIT\devops\ERP_Production_copy\master_lastfiles.txt
02.06.2017 16:34:57: ИНФОРМАЦИЯ - переход на ветку  master в репозитории D:\Марочкин\GIT\ERP
02.06.2017 16:35:00: ИНФОРМАЦИЯ - получение списка из D:\Марочкин\GIT\ERP
02.06.2017 16:35:00: ИНФОРМАЦИЯ - D:\Марочкин\GIT\ERP\Config\Reports\РегламентированныйОтчетСтатистикаФормаП1\Templates\НастройкиЗагрузкиXML2016Кв1.xml -> D:\Марочкин\GIT\ERP\Config\Reports\РегламентированныйОтчетСтатистикаФормаП1.xml
02.06.2017 16:35:00: ИНФОРМАЦИЯ - D:\Марочкин\GIT\ERP\Config\Reports\РегламентированныйОтчетСтатистикаФормаП1\Templates\НастройкиЗагрузкиXML2016Кв1.xml -> D:\Марочкин\GIT\ERP\Config\Reports\РегламентированныйОтчетСтатистикаФормаП1.xml
02.06.2017 16:35:00: ИНФОРМАЦИЯ - D:\Марочкин\GIT\ERP\Config\Reports\РегламентированныйОтчетСтатистикаФормаП1\Templates\НастройкиЗагрузкиXML2017Кв1.xml -> D:\Марочкин\GIT\ERP\Config\Reports\РегламентированныйОтчетСтатистикаФормаП1.xml
02.06.2017 16:35:00: ИНФОРМАЦИЯ - D:\Марочкин\GIT\ERP\Config\Reports\РегламентированныйОтчетСтатистикаФормаП1\Templates\НастройкиЗагрузкиXML2017Кв1.xml -> D:\Марочкин\GIT\ERP\Config\Reports\РегламентированныйОтчетСтатистикаФормаП1.xml
02.06.2017 16:35:00: ИНФОРМАЦИЯ - Начало частичной загрузки конфигурации из файлов.
02.06.2017 16:35:00: ИНФОРМАЦИЯ - Запуск: "C:\Program Files\1cv8\8.3.10.2252\bin\1cv8.exe" DESIGNER /UC 456654 /IBName "ERP_Production_copy" /N "Марочкин Алексей" /P "******" /LoadConfigFromFiles D:\Марочкин\GIT\ERP\Config -ListFile D:\Марочкин\GIT\devops\ERP_Production_copy\master_lastfiles.txt /UpdateDBCfg /out D:\Марочкин\GIT\devops\Logs\ERP_Production_copy\loadchanges_ERP_Production_copy.log
02.06.2017 16:46:21: ИНФОРМАЦИЯ - обновление базы ERP_Production_copy завершено
02.06.2017 16:46:21: ИНФОРМАЦИЯ - Проведение синтаксического контроля модулей
02.06.2017 16:57:38: ИНФОРМАЦИЯ - Синтаксический контроль в базе ERP_Production_copy завершен с ошибками!
05.06.2017 0:07:15: ИНФОРМАЦИЯ - Включен режим быстрого обновления
05.06.2017 0:07:15: ИНФОРМАЦИЯ - формирую список последних файлов в D:\Марочкин\GIT\devops\ERP_Production_copy\master_lastfiles.txt
05.06.2017 0:07:15: ИНФОРМАЦИЯ - переход на ветку  master в репозитории D:\Марочкин\GIT\ERP
05.06.2017 0:07:18: ИНФОРМАЦИЯ - получение списка из D:\Марочкин\GIT\ERP
05.06.2017 0:07:18: ИНФОРМАЦИЯ - Начало частичной загрузки конфигурации из файлов.
05.06.2017 0:07:18: ИНФОРМАЦИЯ - Запуск: "C:\Program Files\1cv8\8.3.10.2252\bin\1cv8.exe" DESIGNER /UC 456654 /IBName "ERP_Production_copy" /N "Марочкин Алексей" /P "******" /LoadConfigFromFiles D:\Марочкин\GIT\ERP\Config -ListFile D:\Марочкин\GIT\devops\ERP_Production_copy\master_lastfiles.txt /UpdateDBCfg /out D:\Марочкин\GIT\devops\Logs\ERP_Production_copy\loadchanges_ERP_Production_copy.log
05.06.2017 0:19:23: ИНФОРМАЦИЯ - обновление базы ERP_Production_copy завершено
05.06.2017 0:19:23: ОШИБКА - загрузка изменений в базу "ERP_Production_copy" не удалась, см. D:\Марочкин\GIT\devops\Logs\ERP_Production_copy\LoadChanges_ERP_Production_copy.log
